<?xml version="1.0" encoding="UTF-8"?>
<!-- Generated by org.testng.reporters.JUnitReportReporter -->
<testsuite skipped="0" hostname="DESKTOP-6CBIR9F" name="come.crm.qa.testcases.LoginPageTest" tests="3" failures="0" timestamp="31 Aug 2019 19:12:36 GMT" time="35.343" errors="0">
  <testcase name="loginPageTitletest" time="7.479" classname="come.crm.qa.testcases.LoginPageTest"/>
  <testcase name="androidLogoTest" time="10.034" classname="come.crm.qa.testcases.LoginPageTest"/>
  <testcase name="loginTest" time="17.830" classname="come.crm.qa.testcases.LoginPageTest"/>
</testsuite> <!-- come.crm.qa.testcases.LoginPageTest -->
