<?xml version="1.0" encoding="UTF-8"?>
<!-- Generated by org.testng.reporters.JUnitReportReporter -->
<testsuite skipped="0" hostname="DESKTOP-6CBIR9F" name="come.crm.qa.testcases.HomePageTest" tests="3" failures="0" timestamp="31 Aug 2019 19:12:36 GMT" time="49.955" errors="0">
  <testcase name="verifyHomePageTitleTest" time="14.869" classname="come.crm.qa.testcases.HomePageTest"/>
  <testcase name="verifyCorrectUsernameTest" time="18.051" classname="come.crm.qa.testcases.HomePageTest"/>
  <testcase name="verifyContactsLinkTest" time="17.035" classname="come.crm.qa.testcases.HomePageTest"/>
</testsuite> <!-- come.crm.qa.testcases.HomePageTest -->
